<?xml version="1.0" encoding="UTF-8"?>
<testng-results ignored="0" total="1" passed="1" failed="0" skipped="0">
  <reporter-output>
  </reporter-output>
  <suite started-at="2024-12-05T11:25:14 IST" name="Default suite" finished-at="2024-12-05T11:25:37 IST" duration-ms="22834">
    <groups>
    </groups>
    <test started-at="2024-12-05T11:25:14 IST" name="Default test" finished-at="2024-12-05T11:25:37 IST" duration-ms="22834">
      <class name="com.frame.Demo1">
        <test-method is-config="true" signature="setup()[pri:0, instance:com.frame.Demo1@765d7657]" started-at="2024-12-05T11:25:14 IST" name="setup" finished-at="2024-12-05T11:25:21 IST" duration-ms="6914" status="PASS">
          <reporter-output>
          </reporter-output>
        </test-method> <!-- setup -->
        <test-method signature="testFrameYoutube()[pri:0, instance:com.frame.Demo1@765d7657]" started-at="2024-12-05T11:25:21 IST" name="testFrameYoutube" finished-at="2024-12-05T11:25:37 IST" duration-ms="15846" status="PASS">
          <reporter-output>
          </reporter-output>
        </test-method> <!-- testFrameYoutube -->
      </class> <!-- com.frame.Demo1 -->
    </test> <!-- Default test -->
  </suite> <!-- Default suite -->
</testng-results>
