<?xml version="1.0" encoding="UTF-8"?>
<testng-results ignored="0" total="1" passed="1" failed="0" skipped="0">
  <reporter-output>
  </reporter-output>
  <suite started-at="2024-12-04T14:44:02 IST" name="Suite" finished-at="2024-12-04T14:44:13 IST" duration-ms="10907">
    <groups>
    </groups>
    <test started-at="2024-12-04T14:44:02 IST" name="Test" finished-at="2024-12-04T14:44:13 IST" duration-ms="10907">
      <class name="com.action.Mousehover">
        <test-method is-config="true" signature="setUp()[pri:0, instance:com.action.Mousehover@74235045]" started-at="2024-12-04T14:44:02 IST" name="setUp" finished-at="2024-12-04T14:44:08 IST" duration-ms="5418" status="PASS">
          <reporter-output>
          </reporter-output>
        </test-method> <!-- setUp -->
        <test-method signature="mAction()[pri:0, instance:com.action.Mousehover@74235045]" started-at="2024-12-04T14:44:08 IST" name="mAction" finished-at="2024-12-04T14:44:13 IST" duration-ms="5421" status="PASS">
          <reporter-output>
          </reporter-output>
        </test-method> <!-- mAction -->
      </class> <!-- com.action.Mousehover -->
    </test> <!-- Test -->
  </suite> <!-- Suite -->
</testng-results>
